[    0.000000] Initializing cgroup subsys cpuset
[    0.000000] Initializing cgroup subsys cpu
[    0.000000] Initializing cgroup subsys cpuacct
[    0.000000] Linux version 4.4.0-119-generic (buildd@lcy01-amd64-013) (gcc version 5.4.0 20160609 (Ubuntu 5.4.0-6ubuntu1~16.04.9) ) #143-Ubuntu SMP Mon Apr 2 16:08:24 UTC 2018 (Ubuntu 4.4.0-119.143-generic 4.4.114)
[    0.000000] Command line: BOOT_IMAGE=/boot/vmlinuz-4.4.0-119-generic root=LABEL=cloudimg-rootfs ro console=tty1 console=ttyS0
[    0.000000] KERNEL supported cpus:
[    0.000000]   Intel GenuineIntel
[    0.000000]   AMD AuthenticAMD
[    0.000000]   Centaur CentaurHauls
[    0.000000] x86/fpu: xstate_offset[2]:  576, xstate_sizes[2]:  256
[    0.000000] x86/fpu: Supporting XSAVE feature 0x01: 'x87 floating point registers'
[    0.000000] x86/fpu: Supporting XSAVE feature 0x02: 'SSE registers'
[    0.000000] x86/fpu: Supporting XSAVE feature 0x04: 'AVX registers'
[    0.000000] x86/fpu: Enabled xstate features 0x7, context size is 832 bytes, using 'standard' format.
[    0.000000] x86/fpu: Using 'lazy' FPU context switches.
[    0.000000] e820: BIOS-provided physical RAM map:
[    0.000000] BIOS-e820: [mem 0x0000000000000000-0x000000000009fbff] usable
[    0.000000] BIOS-e820: [mem 0x000000000009fc00-0x000000000009ffff] reserved
[    0.000000] BIOS-e820: [mem 0x00000000000f0000-0x00000000000fffff] reserved
[    0.000000] BIOS-e820: [mem 0x0000000000100000-0x000000003ffeffff] usable
[    0.000000] BIOS-e820: [mem 0x000000003fff0000-0x000000003fffffff] ACPI data
[    0.000000] BIOS-e820: [mem 0x00000000fec00000-0x00000000fec00fff] reserved
[    0.000000] BIOS-e820: [mem 0x00000000fee00000-0x00000000fee00fff] reserved
[    0.000000] BIOS-e820: [mem 0x00000000fffc0000-0x00000000ffffffff] reserved
[    0.000000] NX (Execute Disable) protection: active
[    0.000000] SMBIOS 2.5 present.
[    0.000000] Hypervisor detected: KVM
[    0.000000] e820: last_pfn = 0x3fff0 max_arch_pfn = 0x400000000
[    0.000000] MTRR: Disabled
[    0.000000] x86/PAT: MTRRs disabled, skipping PAT initialization too.
[    0.000000] CPU MTRRs all blank - virtualized system.
[    0.000000] x86/PAT: Configuration [0-7]: WB  WT  UC- UC  WB  WT  UC- UC  
[    0.000000] found SMP MP-table at [mem 0x0009fff0-0x0009ffff] mapped at [ffff88000009fff0]
[    0.000000] Scanning 1 areas for low memory corruption
[    0.000000] RAMDISK: [mem 0x36aa4000-0x37549fff]
[    0.000000] ACPI: Early table checksum verification disabled
[    0.000000] ACPI: RSDP 0x00000000000E0000 000024 (v02 VBOX  )
[    0.000000] ACPI: XSDT 0x000000003FFF0030 00003C (v01 VBOX   VBOXXSDT 00000001 ASL  00000061)
[    0.000000] ACPI: FACP 0x000000003FFF00F0 0000F4 (v04 VBOX   VBOXFACP 00000001 ASL  00000061)
[    0.000000] ACPI: DSDT 0x000000003FFF0470 0021FF (v02 VBOX   VBOXBIOS 00000002 INTL 20160108)
[    0.000000] ACPI: FACS 0x000000003FFF0200 000040
[    0.000000] ACPI: FACS 0x000000003FFF0200 000040
[    0.000000] ACPI: APIC 0x000000003FFF0240 00005C (v02 VBOX   VBOXAPIC 00000001 ASL  00000061)
[    0.000000] ACPI: SSDT 0x000000003FFF02A0 0001CC (v01 VBOX   VBOXCPUT 00000002 INTL 20160108)
[    0.000000] No NUMA configuration found
[    0.000000] Faking a node at [mem 0x0000000000000000-0x000000003ffeffff]
[    0.000000] NODE_DATA(0) allocated [mem 0x3ffeb000-0x3ffeffff]
[    0.000000] kvm-clock: Using msrs 4b564d01 and 4b564d00
[    0.000000] kvm-clock: cpu 0, msr 0:3ffe3001, primary cpu clock
[    0.000000] kvm-clock: using sched offset of 3995859339 cycles
[    0.000000] clocksource: kvm-clock: mask: 0xffffffffffffffff max_cycles: 0x1cd42e4dffb, max_idle_ns: 881590591483 ns
[    0.000000] Zone ranges:
[    0.000000]   DMA      [mem 0x0000000000001000-0x0000000000ffffff]
[    0.000000]   DMA32    [mem 0x0000000001000000-0x000000003ffeffff]
[    0.000000]   Normal   empty
[    0.000000]   Device   empty
[    0.000000] Movable zone start for each node
[    0.000000] Early memory node ranges
[    0.000000]   node   0: [mem 0x0000000000001000-0x000000000009efff]
[    0.000000]   node   0: [mem 0x0000000000100000-0x000000003ffeffff]
[    0.000000] Initmem setup node 0 [mem 0x0000000000001000-0x000000003ffeffff]
[    0.000000] ACPI: PM-Timer IO Port: 0x4008
[    0.000000] IOAPIC[0]: apic_id 2, version 32, address 0xfec00000, GSI 0-23
[    0.000000] ACPI: INT_SRC_OVR (bus 0 bus_irq 0 global_irq 2 dfl dfl)
[    0.000000] ACPI: INT_SRC_OVR (bus 0 bus_irq 9 global_irq 9 high level)
[    0.000000] Using ACPI (MADT) for SMP configuration information
[    0.000000] smpboot: Allowing 2 CPUs, 0 hotplug CPUs
[    0.000000] PM: Registered nosave memory: [mem 0x00000000-0x00000fff]
[    0.000000] PM: Registered nosave memory: [mem 0x0009f000-0x0009ffff]
[    0.000000] PM: Registered nosave memory: [mem 0x000a0000-0x000effff]
[    0.000000] PM: Registered nosave memory: [mem 0x000f0000-0x000fffff]
[    0.000000] e820: [mem 0x40000000-0xfebfffff] available for PCI devices
[    0.000000] Booting paravirtualized kernel on KVM
[    0.000000] clocksource: refined-jiffies: mask: 0xffffffff max_cycles: 0xffffffff, max_idle_ns: 7645519600211568 ns
[    0.000000] setup_percpu: NR_CPUS:512 nr_cpumask_bits:512 nr_cpu_ids:2 nr_node_ids:1
[    0.000000] PERCPU: Embedded 34 pages/cpu @ffff88003fc00000 s99544 r8192 d31528 u1048576
[    0.000000] PV qspinlock hash table entries: 256 (order: 0, 4096 bytes)
[    0.000000] Built 1 zonelists in Node order, mobility grouping on.  Total pages: 257912
[    0.000000] Policy zone: DMA32
[    0.000000] Kernel command line: BOOT_IMAGE=/boot/vmlinuz-4.4.0-119-generic root=LABEL=cloudimg-rootfs ro console=tty1 console=ttyS0
[    0.000000] PID hash table entries: 4096 (order: 3, 32768 bytes)
[    0.000000] Memory: 1001620K/1048120K available (8532K kernel code, 1313K rwdata, 3996K rodata, 1508K init, 1316K bss, 46500K reserved, 0K cma-reserved)
[    0.000000] SLUB: HWalign=64, Order=0-3, MinObjects=0, CPUs=2, Nodes=1
[    0.000000] Kernel/User page tables isolation: enabled
[    0.000000] Hierarchical RCU implementation.
[    0.000000] 	Build-time adjustment of leaf fanout to 64.
[    0.000000] 	RCU restricting CPUs from NR_CPUS=512 to nr_cpu_ids=2.
[    0.000000] RCU: Adjusting geometry for rcu_fanout_leaf=64, nr_cpu_ids=2
[    0.000000] NR_IRQS:33024 nr_irqs:440 16
[    0.000000] Console: colour VGA+ 80x25
[    0.000000] console [tty1] enabled
[    0.000000] console [ttyS0] enabled
[    0.000000] tsc: Detected 2693.764 MHz processor
[    0.369969] Calibrating delay loop (skipped) preset value.. 5387.52 BogoMIPS (lpj=10775056)
[    0.371289] pid_max: default: 32768 minimum: 301
[    0.372044] ACPI: Core revision 20150930
[    0.373601] ACPI: 2 ACPI AML tables successfully acquired and loaded
[    0.374616] Security Framework initialized
[    0.375265] Yama: becoming mindful.
[    0.375859] AppArmor: AppArmor initialized
[    0.376578] Dentry cache hash table entries: 131072 (order: 8, 1048576 bytes)
[    0.378128] Inode-cache hash table entries: 65536 (order: 7, 524288 bytes)
[    0.379206] Mount-cache hash table entries: 2048 (order: 2, 16384 bytes)
[    0.380134] Mountpoint-cache hash table entries: 2048 (order: 2, 16384 bytes)
[    0.381256] Initializing cgroup subsys io
[    0.381917] Initializing cgroup subsys memory
[    0.382599] Initializing cgroup subsys devices
[    0.383284] Initializing cgroup subsys freezer
[    0.383977] Initializing cgroup subsys net_cls
[    0.384662] Initializing cgroup subsys perf_event
[    0.385389] Initializing cgroup subsys net_prio
[    0.389206] Initializing cgroup subsys hugetlb
[    0.390134] Initializing cgroup subsys pids
[    0.390863] CPU: Physical Processor ID: 0
[    0.391505] CPU: Processor Core ID: 0
[    0.392158] FEATURE SPEC_CTRL Not Present
[    0.393655] mce: CPU supports 0 MCE banks
[    0.394323] Last level iTLB entries: 4KB 1024, 2MB 1024, 4MB 1024
[    0.395180] Last level dTLB entries: 4KB 1024, 2MB 1024, 4MB 1024, 1GB 4
[    0.396099] Spectre V2 mitigation: Mitigation: Full generic retpoline
[    0.396991] Spectre V2 mitigation: Speculation control IBPB not-supported IBRS not-supported
[    0.401035] Freeing SMP alternatives memory: 32K
[    0.468644] ftrace: allocating 32195 entries in 126 pages
[    0.524517] smpboot: APIC(0) Converting physical 0 to logical package 0
[    0.530708] smpboot: Max logical packages: 1
[    0.531678] x2apic enabled
[    0.533462] Switched APIC routing to physical x2apic.
[    0.535233] ..TIMER: vector=0x30 apic1=0 pin1=2 apic2=-1 pin2=-1
[    0.641183] smpboot: CPU0: Intel(R) Core(TM) i7-4600U CPU @ 2.10GHz (family: 0x6, model: 0x45, stepping: 0x1)
[    0.787118] Performance Events: unsupported p6 CPU model 69 no PMU driver, software events only.
[    0.788552] KVM setup paravirtual spinlock
[    0.789863] x86: Booting SMP configuration:
[    0.790527] .... node  #0, CPUs:      #1
[    0.791229] kvm-clock: cpu 1, msr 0:3ffe3041, secondary cpu clock
[    0.794210] mce: CPU supports 0 MCE banks
[    0.796695] x86: Booted up 1 node, 2 CPUs
[    0.820818] smpboot: Total of 2 processors activated (10775.05 BogoMIPS)
[    0.822061] devtmpfs: initialized
[    0.867958] evm: security.selinux
[    0.898477] evm: security.SMACK64
[    0.950145] evm: security.SMACK64EXEC
[    0.994649] evm: security.SMACK64TRANSMUTE
[    1.012396] evm: security.SMACK64MMAP
[    1.013014] evm: security.ima
[    1.013543] evm: security.capability
[    1.014322] clocksource: jiffies: mask: 0xffffffff max_cycles: 0xffffffff, max_idle_ns: 7645041785100000 ns
[    1.015739] futex hash table entries: 512 (order: 3, 32768 bytes)
[    1.016692] pinctrl core: initialized pinctrl subsystem
[    1.017583] RTC time: 10:41:48, date: 04/17/18
[    1.018407] NET: Registered protocol family 16
[    1.029038] cpuidle: using governor ladder
[    1.093681] cpuidle: using governor menu
[    1.146609] PCCT header not found.
[    1.147258] ACPI: bus type PCI registered
[    1.147898] acpiphp: ACPI Hot Plug PCI Controller Driver version: 0.5
[    1.148876] PCI: Using configuration type 1 for base access
[    1.161777] ACPI: Added _OSI(Module Device)
[    1.222443] ACPI: Added _OSI(Processor Device)
[    1.286448] ACPI: Added _OSI(3.0 _SCP Extensions)
[    1.343262] ACPI: Added _OSI(Processor Aggregator Device)
[    1.367142] ACPI: Executed 1 blocks of module-level executable AML code
[    1.428129] ACPI: Interpreter enabled
[    1.433125] ACPI: (supports S0 S5)
[    1.433714] ACPI: Using IOAPIC for interrupt routing
[    1.434600] PCI: Using host bridge windows from ACPI; if necessary, use "pci=nocrs" and report a bug
[    1.439048] ACPI: PCI Root Bridge [PCI0] (domain 0000 [bus 00-ff])
[    1.478461] acpi PNP0A03:00: _OSC: OS supports [ASPM ClockPM Segments MSI]
[    1.519581] acpi PNP0A03:00: _OSC: not requesting OS control; OS requires [ExtendedConfig ASPM ClockPM MSI]
[    1.521037] acpi PNP0A03:00: fail to add MMCONFIG information, can't access extended PCI configuration space under this bridge.
[    1.525053] PCI host bridge to bus 0000:00
[    1.525720] pci_bus 0000:00: root bus resource [io  0x0000-0x0cf7 window]
[    1.526645] pci_bus 0000:00: root bus resource [io  0x0d00-0xffff window]
[    1.527566] pci_bus 0000:00: root bus resource [mem 0x000a0000-0x000bffff window]
[    1.528733] pci_bus 0000:00: root bus resource [mem 0x40000000-0xffdfffff window]
[    1.529944] pci_bus 0000:00: root bus resource [bus 00-ff]
[    1.531922] pci 0000:00:01.1: legacy IDE quirk: reg 0x10: [io  0x01f0-0x01f7]
[    1.532885] pci 0000:00:01.1: legacy IDE quirk: reg 0x14: [io  0x03f6]
[    1.542513] pci 0000:00:01.1: legacy IDE quirk: reg 0x18: [io  0x0170-0x0177]
[    1.551904] pci 0000:00:01.1: legacy IDE quirk: reg 0x1c: [io  0x0376]
[    1.612500] pci 0000:00:07.0: quirk: [io  0x4000-0x403f] claimed by PIIX4 ACPI
[    1.709457] pci 0000:00:07.0: quirk: [io  0x4100-0x410f] claimed by PIIX4 SMB
[    1.822007] ACPI: PCI Interrupt Link [LNKA] (IRQs 5 9 10 *11)
[    1.838121] ACPI: PCI Interrupt Link [LNKB] (IRQs 5 9 10 *11)
[    1.839316] ACPI: PCI Interrupt Link [LNKC] (IRQs 5 9 *10 11)
[    1.914826] ACPI: PCI Interrupt Link [LNKD] (IRQs 5 *9 10 11)
[    1.973412] ACPI: Enabled 2 GPEs in block 00 to 07
[    2.046612] vgaarb: setting as boot device: PCI:0000:00:02.0
[    2.134154] vgaarb: device added: PCI:0000:00:02.0,decodes=io+mem,owns=io+mem,locks=none
[    2.185985] vgaarb: loaded
[    2.186492] vgaarb: bridge control possible 0000:00:02.0
[    2.187499] SCSI subsystem initialized
[    2.188239] ACPI: bus type USB registered
[    2.188902] usbcore: registered new interface driver usbfs
[    2.189725] usbcore: registered new interface driver hub
[    2.190512] usbcore: registered new device driver usb
[    2.191964] PCI: Using ACPI for IRQ routing
[    2.251716] NetLabel: Initializing
[    2.299868] NetLabel:  domain hash size = 128
[    2.366894] NetLabel:  protocols = UNLABELED CIPSOv4
[    2.451647] NetLabel:  unlabeled traffic allowed by default
[    2.453835] amd_nb: Cannot enumerate AMD northbridges
[    2.457722] clocksource: Switched to clocksource kvm-clock
[    2.468423] AppArmor: AppArmor Filesystem Enabled
[    2.497898] pnp: PnP ACPI init
[    2.500158] pnp: PnP ACPI: found 3 devices
[    2.512905] clocksource: acpi_pm: mask: 0xffffff max_cycles: 0xffffff, max_idle_ns: 2085701024 ns
[    2.521208] NET: Registered protocol family 2
[    2.522192] TCP established hash table entries: 8192 (order: 4, 65536 bytes)
[    2.523258] TCP bind hash table entries: 8192 (order: 5, 131072 bytes)
[    2.524241] TCP: Hash tables configured (established 8192 bind 8192)
[    2.525203] UDP hash table entries: 512 (order: 2, 16384 bytes)
[    2.526143] UDP-Lite hash table entries: 512 (order: 2, 16384 bytes)
[    2.527124] NET: Registered protocol family 1
[    2.527838] pci 0000:00:00.0: Limiting direct PCI/PCI transfers
[    2.528730] pci 0000:00:01.0: Activating ISA DMA hang workarounds
[    2.529798] Unpacking initramfs...
[    4.102262] Freeing initrd memory: 10904K
[    4.115556] RAPL PMU detected, API unit is 2^-32 Joules, 4 fixed counters 10737418240 ms ovfl timer
[    4.203441] hw unit of domain pp0-core 2^-0 Joules
[    4.243148] hw unit of domain package 2^-0 Joules
[    4.320140] hw unit of domain dram 2^-0 Joules
[    4.320825] hw unit of domain pp1-gpu 2^-0 Joules
[    4.321600] platform rtc_cmos: registered platform RTC device (no PNP device found)
[    4.394695] Scanning for low memory corruption every 60 seconds
[    4.442643] audit: initializing netlink subsys (disabled)
[    4.443559] audit: type=2000 audit(1523961715.237:1): initialized
[    4.444802] Initialise system trusted keyring
[    4.446388] HugeTLB registered 2 MB page size, pre-allocated 0 pages
[    4.464220] zbud: loaded
[    4.465123] VFS: Disk quotas dquot_6.6.0
[    4.465980] VFS: Dquot-cache hash table entries: 512 (order 0, 4096 bytes)
[    4.473165] squashfs: version 4.0 (2009/01/31) Phillip Lougher
[    4.475395] fuse init (API version 7.23)
[    4.480387] Key type big_key registered
[    4.482549] Allocating IMA MOK and blacklist keyrings.
[    4.484539] Key type asymmetric registered
[    4.487572] Asymmetric key parser 'x509' registered
[    4.488537] Block layer SCSI generic (bsg) driver version 0.4 loaded (major 249)
[    4.489946] io scheduler noop registered
[    4.492548] io scheduler deadline registered (default)
[    4.493391] io scheduler cfq registered
[    4.494252] pci_hotplug: PCI Hot Plug PCI Core version: 0.5
[    4.495129] pciehp: PCI Express Hot Plug Controller Driver version: 0.4
[    4.496283] ACPI: AC Adapter [AC] (off-line)
[    4.497043] input: Power Button as /devices/LNXSYSTM:00/LNXPWRBN:00/input/input0
[    4.498364] ACPI: Power Button [PWRF]
[    4.499054] input: Sleep Button as /devices/LNXSYSTM:00/LNXSLPBN:00/input/input1
[    4.500343] ACPI: Sleep Button [SLPF]
[    4.501632] ACPI: Battery Slot [BAT0] (battery present)
[    4.512866] GHES: HEST is not enabled!
[    4.515248] Serial: 8250/16550 driver, 32 ports, IRQ sharing enabled
[    4.537497] 00:02: ttyS0 at I/O 0x3f8 (irq = 4, base_baud = 115200) is a 16550A
[    4.544033] Linux agpgart interface v0.103
[    4.548962] loop: module loaded
[    4.552794] scsi host0: ata_piix
[    4.555191] scsi host1: ata_piix
[    4.555824] ata1: PATA max UDMA/33 cmd 0x1f0 ctl 0x3f6 bmdma 0xd000 irq 14
[    4.556836] ata2: PATA max UDMA/33 cmd 0x170 ctl 0x376 bmdma 0xd008 irq 15
[    4.557982] libphy: Fixed MDIO Bus: probed
[    4.562573] tun: Universal TUN/TAP device driver, 1.6
[    4.563404] tun: (C) 1999-2004 Max Krasnyansky <maxk@qualcomm.com>
[    4.564366] PPP generic driver version 2.4.2
[    4.565124] ehci_hcd: USB 2.0 'Enhanced' Host Controller (EHCI) Driver
[    4.566145] ehci-pci: EHCI PCI platform driver
[    4.566883] ehci-platform: EHCI generic platform driver
[    4.567706] ohci_hcd: USB 1.1 'Open' Host oontroller (OHCI) Driver
[    4.612619] ohci-pci: OHCI PCI platform driver
[    4.632458] ohci-platform: OHCI generic platform driver
[    4.633246] uhci_hcd: USB Universal Host Controller Interface driver
[    4.634243] i8042: PNP: PS/2 Controller [PNP0303:PS2K,PNP0f03:P22M] at 0x60,0x64 irq 1,12
[    5.013879] serio: i8042 KBD port at 0x60,0x64 irq 1
[    5.022785] mousedev: PS/2 mouse device common for all mice
[    5.023889] rtc_cmos rtc_cmos: rtc core: registered rtc_cmos as rtc0
[    5.024913] rtc_cmos rtc_cmos: alarms up to one day, 114 bytes nvram
[    5.025859] i2c /dev entries driver
[    5.026546] device-mapper: uevent: version 1.0.3
[    5.027370] device-mapper: ioctl: 4.34.0-ioctl (2015-10-28) initialised: dm-devel@redhat.com
[    5.028745] ledtrig-cpu: registered to indicate activity on CPUs
[    5.029976] NET: Registered protocol family 10
[    5.032777] NET: Registered protocol family 17
[    5.035188] Key type dns_resolver registered
[    5.036078] registered taskstats version 1
[    5.036771] Loading compiled-in X.509 certificates
[    5.038102] Loaded X.509 cert 'Build time autogenerated kernel key: f854e06633b5f496ced5b2e02c7b14f761b69302'
[    5.043444] zswap: loaded using pool lzo/zbud
[    5.538248] input: AT Translated Set 2 keyboard as /devices/platform/i8042/serio0/input/input3
[    5.539662] Key type trusted registered
[    5.541950] Key type encrypted registered
[    5.541955] AppArmor: AppArmor sha1 policy hashing enabled
[    5.541958] ima: No TPM chip found, activating TPM-bypass!
[    5.541977] evm: HMAC attrs: 0x1
[    5.542201]   Magic number: 14:456:679
[    5.553176] rtc_cmos rtc_cmos: setting system clock to 2018-04-17 10:41:52 UTC (1523961712)
[    5.553275] BIOS EDD facility v0.16 2004-Jun-25, 0 devices found
[    5.553276] EDD information not available.
[    5.560181] tsc: Refined TSC clocksource calibration: 2692.745 MHz
[    5.572765] clocksource: tsc: mask: 0xffffffffffffffff max_cycles: 0x26d07929369, max_idle_ns: 440795309547 ns
[    5.695009] Freeing unused kernel memory: 1508K
[    5.782416] Write protecting the kernel read-only data: 14336k
[    5.783700] Freeing unused kernel memory: 1696K
[    5.784630] Freeing unused kernel memory: 100K
Loading, please [    5.795986] random: systemd-udevd: uninitialized urandom read (16 bytes read, 2 bits of entropy available)
wait...
starting version 229
[    5.796755] random: udevadm: uninitialized urandom read (16 bytes read, 2 bits of entropy available)
[    5.796775] random: udevadm: uninitialized urandom read (16 bytes read, 2 bits of entropy available)
[    5.806455] random: udevadm: uninitialized urandom read (16 bytes read, 2 bits of entropy available)
[    5.806500] random: udevadm: uninitialized urandom read (16 bytes read, 2 bits of entropy available)
[    5.806648] random: udevadm: uninitialized urandom read (16 bytes read, 2 bits of entropy available)
[    5.806704] random: udevadm: uninitialized urandom read (16 bytes read, 2 bits of entropy available)
[    5.806757] random: udevadm: uninitialized urandom read (16 bytes read, 2 bits of entropy available)
[    5.806814] random: udevadm: uninitialized urandom read (16 bytes read, 2 bits of entropy available)
[    5.806867] random: udevadm: uninitialized urandom read (16 bytes read, 2 bits of entropy available)
[    5.947927] Fusion MPT base driver 3.04.20
[    5.990116] Copyright (c) 1999-2008 LSI Corporation
[    5.999865] e1000: Intel(R) PRO/1000 Network Driver - version 7.3.21-k8-NAPI
[    6.006638] e1000: Copyright (c) 1999-2006 Intel Corporation.
[    6.011813] Fusion MPT SPI Host driver 3.04.20
[    6.031026] AVX version of gcm_enc/dec engaged.
[    6.037047] AES CTR mode by8 optimization enabled
[    6.350790] e1000 0000:00:03.0 eth0: (PCI:33MHz:32-bit) 02:39:99:10:d1:5e
[    6.382770] e1000 0000:00:03.0 eth0: Intel(R) PRO/1000 Network Connection
[    6.384339] mptbase: ioc0: Initiating bringup
[    6.446001] ioc0: LSI53C1030 A0: Capabilities={Initiator}
[    6.683601] scsi host2: ioc0: LSI53C1030 A0, FwRev=00000000h, Ports=1, MaxQ=256, IRQ=20
[    6.818153] scsi 2:0:0:0: Direct-Access     VBOX     HARDDISK         1.0  PQ: 0 ANSI: 5
[    6.848618] scsi target2:0:0: Beginning Domain Validation
[    6.850242] scsi target2:0:0: Domain Validation skipping write tests
[    6.853349] scsi target2:0:0: Ending Domain Validation
[    6.854235] scsi target2:0:0: asynchronous
[    6.857847] scsi 2:0:1:0: Direct-Access     VBOX     HARDDISK         1.0  PQ: 0 ANSI: 5
[    6.868827] scsi target2:0:1: Beginning Domain Validation
[    6.879974] scsi target2:0:1: Domain Validation skipping write tests
[    6.908755] scsi target2:0:1: Ending Domain Validation
[    6.909634] scsi target2:0:1: asynchronous
[    6.918663] sd 2:0:0:0: Attached scsi generic sg0 type 0
[    6.942884] sd 2:0:0:0: [sda] 20971520 512-byte logical blocks: (10.7 GB/10.0 GiB)
[    6.944328] sd 2:0:0:0: [sda] Write Protect is off
[    6.945188] sd 2:0:0:0: [sda] Incomplete mode parameter data
[    6.946108] sd 2:0:0:0: [sda] Assuming drive cache: write through
[    6.948018] sd 2:0:1:0: [sdb] 20480 512-byte logical blocks: (10.5 MB/10.0 MiB)
[    6.949460] sd 2:0:1:0: [sdb] Write Protect is off
[    6.950343] sd 2:0:1:0: [sdb] Incomplete mode parameter data
[    6.951210] sd 2:0:1:0: [sdb] Assuming drive cache: write through
[    6.952469] sd 2:0:1:0: Attached scsi generic sg1 type 0
[    6.957416]  sda: sda1
[    6.972661] sd 2:0:1:0: [sdb] Attached SCSI disk
[    6.981137] sd 2:0:0:0: [sda] Attached SCSI disk
[    7.152873] e1000 0000:00:08.0 eth1: (PCI:33MHz:32-bit) 08:00:27:8f:d3:95
[    7.172897] e1000 0000:00:08.0 eth1: Intel(R) PRO/1000 Network Connection
[    7.174652] e1000 0000:00:08.0 enp0s8: renamed from eth1
[    7.185941] e1000 0000:00:03.0 enp0s3: renamed from eth0
[    9.001966] floppy0: no floppy controllers found
Begin: Loading e[   10.417655] md: linear personality registered for level -1
ssential drivers[   10.587993] md: multipath personality registered for level -4
 ... [   10.759389] md: raid0 personality registered for level 0
[   10.790421] md: raid1 personality registered for level 1
[   10.906619] raid6: sse2x1   gen() 10265 MB/s
[   11.014317] raid6: sse2x1   xor()  6368 MB/s
[   11.110200] raid6: sse2x2   gen() 12745 MB/s
[   11.314410] raid6: sse2x2   xor()  8401 MB/s
[   11.458377] raid6: sse2x4   gen() 13455 MB/s
[   11.581902] raid6: sse2x4   xor() 10162 MB/s
[   11.722193] raid6: using algorithm sse2x4 gen() 13455 MB/s
[   11.762622] raid6: .... xor() 10162 MB/s, rmw enabled
[   11.763372] raid6: using ssse3x2 recovery algorithm
[   11.765130] xor: automatically using best checksumming function:
[   11.821903]    avx       : 71050.000 MB/sec
[   11.843757] async_tx: api initialized (async)
[   11.853851] md: raid6 personality registered for level 6
[   12.004225] md: raid5 personality registered for level 5
[   12.037447] md: raid4 personality registered for level 4
[   12.053655] md: raid10 personality registered for level 10
done.
Begin: Running /scripts/init-premount ... done.
Begin: Mounting root file system ... Begin: Running /scripts/local-top ... done.
Begin: Running /scripts/local-premount ... [   12.100708] Btrfs loaded
Scanning for Btrfs filesystems
done.
Warning: fsck not present, so skipping root file system
[   12.181199] EXT4-fs (sda1): mounted filesystem with ordered data mode. Opts: (null)
done.
Begin: Running /scripts/local-bottom ... done.
Begin: Running /scripts/init-bottom ... done.
[   12.710618] systemd[1]: systemd 229 running in system mode. (+PAM +AUDIT +SELINUX +IMA +APPARMOR +SMACK +SYSVINIT +UTMP +LIBCRYPTSETUP +GCRYPT +GNUTLS +ACL +XZ -LZ4 +SECCOMP +BLKID +ELFUTILS +KMOD -IDN)
[   12.783961] systemd[1]: Detected virtualization oracle.
[   12.794240] systemd[1]: Detected architecture x86-64.

Welcome to [1mUbuntu 16.04.4 LTS[0m!

[   12.858114] systemd[1]: Set hostname to <ubuntu-xenial>.
[   13.393848] random: nonblocking pool is initialized
[   13.636230] systemd[1]: Reached target User and Group Name Lookups.
[[0;32m  OK  [0m] Reached target User and Group Name Lookups.
[   13.820027] systemd[1]: Listening on /dev/initctl Compatibility Named Pipe.
[[0;32m  OK  [0m] Listening on /dev/initctl Compatibility Named Pipe.
[   13.822181] systemd[1]: Started Forward Password Requests to Wall Directory Watch.
[[0;32m  OK  [0m] Started Forward Password Requests to Wall Directory Watch.
[   13.824450] systemd[1]: Reached target Encrypted Volumes.
[[0;32m  OK  [0m] Reached target Encrypted Volumes.
[   13.828341] systemd[1]: Started Trigger resolvconf update for networkd DNS.
[[0;32m  OK  [0m] Started Trigger resolvconf update for networkd DNS.
[   13.830452] systemd[1]: Listening on LVM2 poll daemon socket.
[[0;32m  OK  [0m] Listening on LVM2 poll daemon socket.
[   13.832254] systemd[1]: Listening on Journal Audit Socket.
[[0;32m  OK  [0m] Listening on Journal Audit Socket.
[   13.834022] systemd[1]: Listening on Device-mapper event daemon FIFOs.
[[0;32m  OK  [0m] Listening on Device-mapper event daemon FIFOs.
[   13.886053] systemd[1]: Listening on Journal Socket.
[[0;32m  OK  [0m] Listening on Journal Socket.
[   14.059770] systemd[1]: Reached target System Time Synchronized.
[[0;32m  OK  [0m] Reached target System Time Synchronized.
[   14.170030] systemd[1]: Listening on LVM2 metadata daemon socket.
[[0;32m  OK  [0m] Listening on LVM2 metadata daemon socket.
[   14.192117] systemd[1]: Listening on udev Control Socket.
[[0;32m  OK  [0m] Listening on udev Control Socket.
[   14.196065] systemd[1]: Created slice System Slice.
[[0;32m  OK  [0m] Created slice System Slice.
[   14.210017] systemd[1]: Starting Create list of required static device nodes for the current kernel...
         Starting Create list of required st... nodes for the current kernel...
[   14.318066] systemd[1]: Starting Load Kernel Modules...
         Starting Load Kernel Modules...
[   14.325926] systemd[1]: Starting Set console keymap...
         Starting Set console keymap...
[   14.366095] systemd[1]: Starting Uncomplicated firewall...
         Starting Uncompl[   14.541355] Loading iSCSI transport class v2.0-870.
icated firewall...
[   14.602690] systemd[1]: Mounting Debug File System...
         Mounting Debug File System...
[   14.618855] systemd[1]: Starting Monitoring of LVM2 mirrors, snapshots etc. using dmeventd or progress polling...
         Starting Monitoring of LVM2 mirrors... dmeventd or progress poll[   14.631270] iscsi: registered transport (tcp)
ing...
[   14.632690] systemd[1]: Mounting Huge Pages File System...
         Mounting Huge Pages File System...
[   14.637145] systemd[1]: Mounting POSIX Message Queue File System...
         Mounting POSIX Message Queue File System...
[   14.641208] systemd[1]: Created slice system-serial\x2dgetty.slice.
[[0;32m  OK  [0m] Created slice system-serial\x2dgetty.slice.
[   14.673424] systemd[1]: Listening on udev Kernel Socket.
[[0;32m  OK  [0m] Listening on udev Kernel Socket.
[   14.675293] systemd[1]: Reached target Swap.
[[0;32m  OK  [0m] Reached target Swap.
[   14.702086] systemd[1]: Set up automount Arbitrary Executable File Formats File System Automount Point.
[[0;32m  OK  [0m] Set up automount Arbitrary Executab...ats File System Automount Point.
[   14.746031] systemd[1]: Starting Remount Root and Kernel File Systems...
         Starting Remount Root and Kernel[   14.958445] EXT4-fs (sda1): re-mounted. Opts: (null)
 File Systems...
[   14.991660] systemd[1]: Starting Nameserver information manager...
         Starting Nameserver information manager...
[   15.115977] systemd[1]: Created slice User and Session Slice.
[[0;32m  OK  [[   15.143793] iscsi: registered transport (iser)
0m] Created slice User and Session Slice.
[   15.277942] systemd[1]: Reached target Slices.
[[0;32m  OK  [0m] Reached target Slices.
[   15.283379] systemd[1]: Listening on Syslog Socket.
[[0;32m  OK  [0m] Listening on Syslog Socket.
[   15.321163] systemd[1]: Listening on Journal Socket (/dev/log).
[[0;32m  OK  [0m] Listening on Journal Socket (/dev/log).
[   15.333926] systemd[1]: Starting Journal Service...
         Starting Journal Service...
[   15.364414] systemd[1]: Mounted Debug File System.
[[0;32m  OK  [0m] Mounted Debug File System.
[   15.365909] systemd[1]: Mounted POSIX Message Queue File System.
[[0;32m  OK  [0m] Mounted POSIX Message Queue File System.
[   15.367770] systemd[1]: Mounted Huge Pages File System.
[[0;32m  OK  [0m] Mounted Huge Pages File System.
[   15.375459] systemd[1]: Started Create list of required static device nodes for the current kernel.
[[0;32m  OK  [0m] Started Create list of required sta...ce nodes for the current kernel.
[   15.378559] systemd[1]: Started Load Kernel Modules.
[[0;32m  OK  [0m] Started Load Kernel Modules.
[   15.380520] systemd[1]: Started Set console keymap.
[[0;32m  OK  [0m] Started Set console keymap.
[   15.382473] systemd[1]: Started Uncomplicated firewall.
[[0;32m  OK  [0m] Started Uncomplicated firewall.
[   15.384592] systemd[1]: Started Remount Root and Kernel File Systems.
[[0;32m  OK  [0m] Started Remount Root and Kernel File Systems.
[   15.394007] systemd[1]: Started Nameserver information manager.
[[0;32m  OK  [0m] Started Nameserver information manager.
[   15.459477] systemd[1]: Started Journal Service.
[[0;32m  OK  [0m] Started Journal Service.
[[0;32m  OK  [0m] Started LVM2 metadata daemon.
         Starting Load/Save Random Seed...
         Starting udev Coldplug all Devices...
         Starting Initial cloud-init job (pre-networking)...
         Starting Flush Journal to Persistent Storage...
         Mounting FUSE Control File System...
         Starting Apply Kernel Variables...
         Starting Create Static Device Nodes in /dev...
[[0;32m  OK  [0m] Mounted FUSE Control File System.
[[0;32m  OK  [0m] Started Load/Save Random Seed.
[[0;32m  OK  [0m] Started udev Coldplug all Devices.
[   15.716614] systemd-journald[408]: Received request to flush runtime journal from PID 1
[[0;32m  OK  [0m] Started Flush Journal to Persistent Storage.
[[0;32m  OK  [0m] Started Apply Kernel Variables.
[[0;32m  OK  [0m] Started Create Static Device Nodes in /dev.
         Starting udev Kernel Device Manager...
[[0;32m  OK  [0m] Started Monitoring of LVM2 mirrors,...ng dmeventd or progress polling.
[[0;32m  OK  [0m] Started udev Kernel Device Manager.
[[0;32m  OK  [0m] Started Dispatch Password Requests to Console Directory Watch.
[[0;32m  OK  [0m] Reached target Local File Systems (Pre).
[[0;32m  OK  [0m] Reached target Local File Systems.
         Starting Create Volatile Files and Directories...
         Starting Set console font and keymap...
         Starting LSB: AppArmor initialization...
         Starting Tell Plymouth To Write Out Runtime Data...
[[0;32m  OK  [0m] Found device /dev/ttyS0.
[[0;32m  OK  [0m] Started Tell Plymouth To Write Out Runtime Data.
[[0;32m  OK  [0m] Started Create Volatile Files and Directories.
         Starting Update UTMP about System Boot/Shutdown...
[[0;32m  OK  [0m] Found device 82540EM Gigabit Ethern...r (PRO/1000 MT Desktop Adapter).
[[0;32m  OK  [0m] Started Update UTMP about System Boot/Shutdown.
[[0;32m  OK  [0m] Started Set console font and keymap.
[[0;32m  OK  [0m] Created slice system-getty.slice.
[[0;32m  OK  [0m] Listening on Load/Save RF Kill Switch Status /dev/rfkill Watch.
[[0;32m  OK  [0m] Started LSB: AppArmor initialization.
[   17.532694] cloud-init[434]: Cloud-init v. 17.2 running 'init-local' at Tue, 17 Apr 2018 10:42:06 +0000. Up 17.10 seconds.
[[0;32m  OK  [0m] Started Initial cloud-init job (pre-networking).
[[0;32m  OK  [0m] Reached target Network (Pre).
         Starting Raise network interfaces...
[[0;32m  OK  [0m] Started ifup for enp0s3.
[[0;32m  OK  [0m] Started Raise network interfaces.
         Starting Initial cloud-init job (metadata service crawler)...
[[0;32m  OK  [0m] Reached target Network.
[   18.684919] cloud-init[981]: Cloud-init v. 17.2 running 'init' at Tue, 17 Apr 2018 10:42:07 +0000. Up 18.12 seconds.
[[0;32m  OK  [0m] Started Initial cloud-init job (metadata service crawler).[   18.732598] cloud-init[981]: ci-info: ++++++++++++++++++++++++++++++++++++++Net device info++++++++++++++++++++++++++++++++++++++
[   18.732841] cloud-init[981]: ci-info: +--------+-------+----------------------------+---------------+-------+-------------------+
[   18.732913] cloud-init[981]: ci-info: | Device |   Up  |          Address           |      Mask     | Scope |     Hw-Address    |
[   18.732980] cloud-init[981]: ci-info: +--------+-------+----------------------------+---------------+-------+-------------------+
[   18.733046] cloud-init[981]: ci-info: | enp0s3 |  True |         10.0.2.15          | 255.255.255.0 |   .   | 02:39:99:10:d1:5e |
[   18.733112] cloud-init[981]: ci-info: | enp0s3 |  True | fe80::39:99ff:fe10:d15e/64 |       .       |  link | 02:39:99:10:d1:5e |
[   18.733181] cloud-init[981]: ci-info: | enp0s8 | False |             .              |       .       |   .   | 08:00:27:8f:d3:95 |
[   18.733248] cloud-init[981]: ci-info: |   lo   |  True |         127.0.0.1          |   255.0.0.0   |   .   |         .         |
[   18.733314] cloud-init[981]: ci-info: |   lo   |  True |          ::1/128           |       .       |  host |         .         |
[   18.733379] cloud-init[981]: ci-info: +--------+-------+----------------------------+---------------+-------+-------------------+
[   18.733444] cloud-init[981]: ci-info: +++++++++++++++++++++++++++Route IPv4 info++++++++++++++++++++++++++++
[   18.733509] cloud-init[981]: ci-info: +-------+-------------+----------+---------------+-----------+-------+
[   18.733576] cloud-init[981]: ci-info: | Route | Destination | Gateway  |    Genmask    | Interface | Flags |
[   18.733648] cloud-init[981]: ci-info: +-------+-------------+----------+---------------+-----------+-------+
[   18.733713] cloud-init[981]: ci-info: |   0   |   0.0.0.0   | 10.0.2.2 |    0.0.0.0    |   enp0s3  |   UG  |
[   18.733779] cloud-init[981]: ci-info: |   1   |   10.0.2.0  | 0.0.0.0  | 255.255.255.0 |   enp0s3  |   U   |
[   18.733845] cloud-init[981]: ci-info: +-------+-------------+----------+---------------+-----------+-------+

[[0;32m  OK  [0m] Reached target Network is Online.
         Starting iSCSI initiator daemon (iscsid)...
[[0;32m  OK  [0m] Reached target Cloud-config availability.
[[0;32m  OK  [0m] Reached target System Initialization.
[[0;32m  OK  [0m] Started ACPI Events Check.
[[0;32m  OK  [0m] Reached target Paths.
         Starting LXD - unix socket.
[[0;32m  OK  [0m] Started Daily Cleanup of Temporary Directories.
[[0;32m  OK  [0m] Listening on ACPID Listen Socket.
[[0;32m  OK  [0m] Started Timer to automatically refresh installed snaps.
[[0;32m  OK  [0m] Listening on UUID daemon activation socket.
[[0;32m  OK  [0m] Started Daily apt download activities.
[[0;32m  OK  [0m] Started Daily apt upgrade and clean activities.
[[0;32m  OK  [0m] Reached target Timers.
[[0;32m  OK  [0m] Listening on D-Bus System Message Bus Socket.
         Starting Socket activation for snappy daemon.
[[0;32m  OK  [0m] Listening on LXD - unix socket.
[[0;32m  OK  [0m] Listening on Socket activation for snappy daemon.
[[0;32m  OK  [0m] Started iSCSI initiator daemon (iscsid).
         Starting Login to default iSCSI targets...
[[0;32m  OK  [0m] Reached target Sockets.
[[0;32m  OK  [0m] Reached target Basic System.
         Starting /etc/rc.local Compatibility...
         Starting LXD - container startup/shutdown...
[[0;32m  OK  [0m] Started Regular background program processing daemon.
         Starting Virtualbox guest utils...
         Starting The PHP 7.0 FastCGI Process Manager...
         Starting System Logging Service...
         Starting Accounts Service...
         Starting LSB: MD monitoring daemon...
         Starting Apply the settings specified in cloud-config...
[[0;32m  OK  [0m] Started Deferred execution scheduler.
[[0;32m  OK  [0m] Started Unattended Upgrades Shutdown.
         Starting Snappy daemon...
         Starting Login Service...
[[0;32m  OK  [0m] Started ACPI event daemon.
         Starting OpenBSD Secure Shell server...
         Starting LSB: Record successful boot for GRUB...
[[0;32m  OK  [0m] Started FUSE filesystem for LXC.
         Starting A high performance web server and a reverse proxy server...
[[0;32m  OK  [0m] Started D-Bus System Message Bus.
[   20.194123] cloud-init[1057]: Cloud-init v. 17.2 running 'modules:config' at Tue, 17 Apr 2018 10:42:08 +0000. Up 19.73 seconds.
[[0;32m  OK  [0m] Started System Logging Service.
[[0;32m  OK  [0m] Started /etc/rc.local Compatibility.
[[0;32m  OK  [0m] Started Apply the settings specified in cloud-config.
[[0;32m  OK  [0m] Started Login Service.
         Starting Authenticate and Authorize Users to Run Privileged Tasks...
[[0;32m  OK  [0m] Started LSB: Record successful boot for GRUB.
[[0;32m  OK  [0m] Started Login to default iSCSI targets.
[[0;32m  OK  [0m] Started LSB: MD monitoring daemon.
[[0;32m  OK  [0m] Reached target Remote File Systems (Pre).
[[0;32m  OK  [0m] Reached target Remote File Systems.
         Starting LSB: Set the CPU Frequency Scaling governor to "ondemand"...
         Starting LSB: daemon to balance interrupts for SMP systems...
         Starting Permit User Sessions...
         Starting LSB: automatic crash report generation...
[[0;32m  OK  [0m] Started OpenBSD Secure Shell server.
[[0;32m  OK  [0m] Started Permit User Sessions.
[[0;32m  OK  [0m] Started Authenticate and Authorize Users to Run Privileged Tasks.
[[0;32m  OK  [0m] Started Accounts Service.
[[0;32m  OK  [0m] Started LSB: Set the CPU Frequency Scaling governor to "ondemand".
         Starting Terminate Plymouth Boot Screen...
         Starting Hold until boot process finishes up...
[[0;32m  OK  [0m] Started LSB: automatic crash report generation.
[[0;32m  OK  [0m] Started Terminate Plymouth Boot Screen.
[[0;32m  OK  [0m] Started Hold until boot process finishes up.
[[0;32m  OK  [0m] Started Getty on tty1.
[[0;32m  OK  [0m] Started Serial Getty on ttyS0.
[[0;32m  OK  [0m] Reached target Login Prompts.
         Starting Set console scheme...
[[0;32m  OK  [0m] Started LSB: daemon to balance interrupts for SMP systems.
[[0;32m  OK  [0m] Started Set console scheme.
[[0;32m  OK  [0m] Started Virtualbox guest utils.
[[0;32m  OK  [0m] Started A high performance web server and a reverse proxy server.
[[0;32m  OK  [0m] Started LXD - container startup/shutdown.
[[0;32m  OK  [0m] Started Snappy daemon.
[[0;32m  OK  [0m] Started The PHP 7.0 FastCGI Process Manager.
[[0;32m  OK  [0m] Reached target Multi-User System.
         Starting Execute cloud user/final scripts...
[[0;32m  OK  [0m] Reached target Graphical Interface.
         Starting Update UTMP about System Runlevel Changes...
[[0;32m  OK  [0m] Started Update UTMP about System Runlevel Changes.
[   23.413139] cloud-init[1228]: Cloud-init v. 17.2 running 'modules:final' at Tue, 17 Apr 2018 10:42:12 +0000. Up 23.24 seconds.
[   23.457564] cloud-init[1228]: Cloud-init v. 17.2 finished at Tue, 17 Apr 2018 10:42:12 +0000. Datasource DataSourceNoCloud [seed=/dev/sdb][dsmode=net].  Up 23.40 seconds
[[0;32m  OK  [0m] Started Execute cloud user/final scripts.
[[0;32m  OK  [0m] Reached target Cloud-init target.

Ubuntu 16.04.4 LTS ubuntu-xenial ttyS0

ubuntu-xenial login: 